<?xml version="1.0" encoding="UTF-8"?>
<testsuite xmlns:xsi="http://www.w3.org/2001/XMLSchema-instance" xsi:noNamespaceSchemaLocation="https://maven.apache.org/surefire/maven-surefire-plugin/xsd/surefire-test-report.xsd" name="org.example.HotelServiceTest" time="0.686" tests="2" errors="0" skipped="0" failures="0">
  <properties>
    <property name="sun.desktop" value="windows"/>
    <property name="awt.toolkit" value="sun.awt.windows.WToolkit"/>
    <property name="java.specification.version" value="11"/>
    <property name="sun.cpu.isalist" value="amd64"/>
    <property name="sun.jnu.encoding" value="Cp1252"/>
    <property name="java.class.path" value="C:\Users\MarcosEduardoMarrasR\Documents\particular\apigateway\target\test-classes;C:\Users\MarcosEduardoMarrasR\Documents\particular\apigateway\target\classes;C:\Users\MarcosEduardoMarrasR\.m2\repository\org\springframework\boot\spring-boot-starter-actuator\2.4.2\spring-boot-starter-actuator-2.4.2.jar;C:\Users\MarcosEduardoMarrasR\.m2\repository\org\springframework\boot\spring-boot-starter\2.4.2\spring-boot-starter-2.4.2.jar;C:\Users\MarcosEduardoMarrasR\.m2\repository\org\springframework\boot\spring-boot\2.4.2\spring-boot-2.4.2.jar;C:\Users\MarcosEduardoMarrasR\.m2\repository\org\springframework\boot\spring-boot-autoconfigure\2.4.2\spring-boot-autoconfigure-2.4.2.jar;C:\Users\MarcosEduardoMarrasR\.m2\repository\org\springframework\boot\spring-boot-starter-logging\2.4.2\spring-boot-starter-logging-2.4.2.jar;C:\Users\MarcosEduardoMarrasR\.m2\repository\ch\qos\logback\logback-classic\1.2.3\logback-classic-1.2.3.jar;C:\Users\MarcosEduardoMarrasR\.m2\repository\ch\qos\logback\logback-core\1.2.3\logback-core-1.2.3.jar;C:\Users\MarcosEduardoMarrasR\.m2\repository\org\apache\logging\log4j\log4j-to-slf4j\2.13.3\log4j-to-slf4j-2.13.3.jar;C:\Users\MarcosEduardoMarrasR\.m2\repository\org\apache\logging\log4j\log4j-api\2.13.3\log4j-api-2.13.3.jar;C:\Users\MarcosEduardoMarrasR\.m2\repository\org\slf4j\jul-to-slf4j\1.7.30\jul-to-slf4j-1.7.30.jar;C:\Users\MarcosEduardoMarrasR\.m2\repository\jakarta\annotation\jakarta.annotation-api\1.3.5\jakarta.annotation-api-1.3.5.jar;C:\Users\MarcosEduardoMarrasR\.m2\repository\org\yaml\snakeyaml\1.27\snakeyaml-1.27.jar;C:\Users\MarcosEduardoMarrasR\.m2\repository\org\springframework\boot\spring-boot-actuator-autoconfigure\2.4.2\spring-boot-actuator-autoconfigure-2.4.2.jar;C:\Users\MarcosEduardoMarrasR\.m2\repository\org\springframework\boot\spring-boot-actuator\2.4.2\spring-boot-actuator-2.4.2.jar;C:\Users\MarcosEduardoMarrasR\.m2\repository\com\fasterxml\jackson\datatype\jackson-datatype-jsr310\2.11.4\jackson-datatype-jsr310-2.11.4.jar;C:\Users\MarcosEduardoMarrasR\.m2\repository\io\micrometer\micrometer-core\1.6.3\micrometer-core-1.6.3.jar;C:\Users\MarcosEduardoMarrasR\.m2\repository\org\hdrhistogram\HdrHistogram\2.1.12\HdrHistogram-2.1.12.jar;C:\Users\MarcosEduardoMarrasR\.m2\repository\org\latencyutils\LatencyUtils\2.0.3\LatencyUtils-2.0.3.jar;C:\Users\MarcosEduardoMarrasR\.m2\repository\org\springframework\boot\spring-boot-starter-web\2.4.2\spring-boot-starter-web-2.4.2.jar;C:\Users\MarcosEduardoMarrasR\.m2\repository\org\springframework\boot\spring-boot-starter-json\2.4.2\spring-boot-starter-json-2.4.2.jar;C:\Users\MarcosEduardoMarrasR\.m2\repository\com\fasterxml\jackson\datatype\jackson-datatype-jdk8\2.11.4\jackson-datatype-jdk8-2.11.4.jar;C:\Users\MarcosEduardoMarrasR\.m2\repository\com\fasterxml\jackson\module\jackson-module-parameter-names\2.11.4\jackson-module-parameter-names-2.11.4.jar;C:\Users\MarcosEduardoMarrasR\.m2\repository\org\springframework\boot\spring-boot-starter-tomcat\2.4.2\spring-boot-starter-tomcat-2.4.2.jar;C:\Users\MarcosEduardoMarrasR\.m2\repository\org\apache\tomcat\embed\tomcat-embed-core\9.0.41\tomcat-embed-core-9.0.41.jar;C:\Users\MarcosEduardoMarrasR\.m2\repository\org\glassfish\jakarta.el\3.0.3\jakarta.el-3.0.3.jar;C:\Users\MarcosEduardoMarrasR\.m2\repository\org\apache\tomcat\embed\tomcat-embed-websocket\9.0.41\tomcat-embed-websocket-9.0.41.jar;C:\Users\MarcosEduardoMarrasR\.m2\repository\org\springframework\spring-web\5.3.3\spring-web-5.3.3.jar;C:\Users\MarcosEduardoMarrasR\.m2\repository\org\springframework\spring-beans\5.3.3\spring-beans-5.3.3.jar;C:\Users\MarcosEduardoMarrasR\.m2\repository\org\springframework\spring-webmvc\5.3.3\spring-webmvc-5.3.3.jar;C:\Users\MarcosEduardoMarrasR\.m2\repository\org\springframework\spring-aop\5.3.3\spring-aop-5.3.3.jar;C:\Users\MarcosEduardoMarrasR\.m2\repository\org\springframework\spring-context\5.3.3\spring-context-5.3.3.jar;C:\Users\MarcosEduardoMarrasR\.m2\repository\org\springframework\spring-expression\5.3.3\spring-expression-5.3.3.jar;C:\Users\MarcosEduardoMarrasR\.m2\repository\org\springframework\boot\spring-boot-starter-test\2.4.2\spring-boot-starter-test-2.4.2.jar;C:\Users\MarcosEduardoMarrasR\.m2\repository\org\springframework\boot\spring-boot-test\2.4.2\spring-boot-test-2.4.2.jar;C:\Users\MarcosEduardoMarrasR\.m2\repository\org\springframework\boot\spring-boot-test-autoconfigure\2.4.2\spring-boot-test-autoconfigure-2.4.2.jar;C:\Users\MarcosEduardoMarrasR\.m2\repository\com\jayway\jsonpath\json-path\2.4.0\json-path-2.4.0.jar;C:\Users\MarcosEduardoMarrasR\.m2\repository\net\minidev\json-smart\2.3\json-smart-2.3.jar;C:\Users\MarcosEduardoMarrasR\.m2\repository\net\minidev\accessors-smart\1.2\accessors-smart-1.2.jar;C:\Users\MarcosEduardoMarrasR\.m2\repository\org\ow2\asm\asm\5.0.4\asm-5.0.4.jar;C:\Users\MarcosEduardoMarrasR\.m2\repository\org\slf4j\slf4j-api\1.7.30\slf4j-api-1.7.30.jar;C:\Users\MarcosEduardoMarrasR\.m2\repository\jakarta\xml\bind\jakarta.xml.bind-api\2.3.3\jakarta.xml.bind-api-2.3.3.jar;C:\Users\MarcosEduardoMarrasR\.m2\repository\jakarta\activation\jakarta.activation-api\1.2.2\jakarta.activation-api-1.2.2.jar;C:\Users\MarcosEduardoMarrasR\.m2\repository\org\assertj\assertj-core\3.18.1\assertj-core-3.18.1.jar;C:\Users\MarcosEduardoMarrasR\.m2\repository\org\hamcrest\hamcrest\2.2\hamcrest-2.2.jar;C:\Users\MarcosEduardoMarrasR\.m2\repository\org\junit\jupiter\junit-jupiter\5.7.0\junit-jupiter-5.7.0.jar;C:\Users\MarcosEduardoMarrasR\.m2\repository\org\junit\jupiter\junit-jupiter-api\5.7.0\junit-jupiter-api-5.7.0.jar;C:\Users\MarcosEduardoMarrasR\.m2\repository\org\apiguardian\apiguardian-api\1.1.0\apiguardian-api-1.1.0.jar;C:\Users\MarcosEduardoMarrasR\.m2\repository\org\opentest4j\opentest4j\1.2.0\opentest4j-1.2.0.jar;C:\Users\MarcosEduardoMarrasR\.m2\repository\org\junit\platform\junit-platform-commons\1.7.0\junit-platform-commons-1.7.0.jar;C:\Users\MarcosEduardoMarrasR\.m2\repository\org\junit\jupiter\junit-jupiter-params\5.7.0\junit-jupiter-params-5.7.0.jar;C:\Users\MarcosEduardoMarrasR\.m2\repository\org\junit\jupiter\junit-jupiter-engine\5.7.0\junit-jupiter-engine-5.7.0.jar;C:\Users\MarcosEduardoMarrasR\.m2\repository\org\junit\platform\junit-platform-engine\1.7.0\junit-platform-engine-1.7.0.jar;C:\Users\MarcosEduardoMarrasR\.m2\repository\org\mockito\mockito-core\3.6.28\mockito-core-3.6.28.jar;C:\Users\MarcosEduardoMarrasR\.m2\repository\net\bytebuddy\byte-buddy\1.10.19\byte-buddy-1.10.19.jar;C:\Users\MarcosEduardoMarrasR\.m2\repository\net\bytebuddy\byte-buddy-agent\1.10.19\byte-buddy-agent-1.10.19.jar;C:\Users\MarcosEduardoMarrasR\.m2\repository\org\objenesis\objenesis\3.1\objenesis-3.1.jar;C:\Users\MarcosEduardoMarrasR\.m2\repository\org\mockito\mockito-junit-jupiter\3.6.28\mockito-junit-jupiter-3.6.28.jar;C:\Users\MarcosEduardoMarrasR\.m2\repository\org\skyscreamer\jsonassert\1.5.0\jsonassert-1.5.0.jar;C:\Users\MarcosEduardoMarrasR\.m2\repository\com\vaadin\external\google\android-json\0.0.20131108.vaadin1\android-json-0.0.20131108.vaadin1.jar;C:\Users\MarcosEduardoMarrasR\.m2\repository\org\springframework\spring-core\5.3.3\spring-core-5.3.3.jar;C:\Users\MarcosEduardoMarrasR\.m2\repository\org\springframework\spring-jcl\5.3.3\spring-jcl-5.3.3.jar;C:\Users\MarcosEduardoMarrasR\.m2\repository\org\springframework\spring-test\5.3.3\spring-test-5.3.3.jar;C:\Users\MarcosEduardoMarrasR\.m2\repository\org\xmlunit\xmlunit-core\2.7.0\xmlunit-core-2.7.0.jar;C:\Users\MarcosEduardoMarrasR\.m2\repository\org\projectlombok\lombok\1.18.16\lombok-1.18.16.jar;C:\Users\MarcosEduardoMarrasR\.m2\repository\org\springframework\boot\spring-boot-starter-thymeleaf\2.4.2\spring-boot-starter-thymeleaf-2.4.2.jar;C:\Users\MarcosEduardoMarrasR\.m2\repository\org\thymeleaf\thymeleaf-spring5\3.0.12.RELEASE\thymeleaf-spring5-3.0.12.RELEASE.jar;C:\Users\MarcosEduardoMarrasR\.m2\repository\org\thymeleaf\thymeleaf\3.0.12.RELEASE\thymeleaf-3.0.12.RELEASE.jar;C:\Users\MarcosEduardoMarrasR\.m2\repository\org\attoparser\attoparser\2.0.5.RELEASE\attoparser-2.0.5.RELEASE.jar;C:\Users\MarcosEduardoMarrasR\.m2\repository\org\unbescape\unbescape\1.1.6.RELEASE\unbescape-1.1.6.RELEASE.jar;C:\Users\MarcosEduardoMarrasR\.m2\repository\org\thymeleaf\extras\thymeleaf-extras-java8time\3.0.4.RELEASE\thymeleaf-extras-java8time-3.0.4.RELEASE.jar;C:\Users\MarcosEduardoMarrasR\.m2\repository\com\fasterxml\jackson\core\jackson-databind\2.11.4\jackson-databind-2.11.4.jar;C:\Users\MarcosEduardoMarrasR\.m2\repository\com\fasterxml\jackson\core\jackson-annotations\2.11.4\jackson-annotations-2.11.4.jar;C:\Users\MarcosEduardoMarrasR\.m2\repository\com\fasterxml\jackson\core\jackson-core\2.11.4\jackson-core-2.11.4.jar;C:\Users\MarcosEduardoMarrasR\.m2\repository\io\jsonwebtoken\jjwt\0.7.0\jjwt-0.7.0.jar;C:\Users\MarcosEduardoMarrasR\.m2\repository\junit\junit\4.13.1\junit-4.13.1.jar;C:\Users\MarcosEduardoMarrasR\.m2\repository\org\hamcrest\hamcrest-core\2.2\hamcrest-core-2.2.jar;C:\Users\MarcosEduardoMarrasR\.m2\repository\org\springframework\boot\spring-boot-starter-data-redis\2.4.2\spring-boot-starter-data-redis-2.4.2.jar;C:\Users\MarcosEduardoMarrasR\.m2\repository\org\springframework\data\spring-data-redis\2.4.3\spring-data-redis-2.4.3.jar;C:\Users\MarcosEduardoMarrasR\.m2\repository\org\springframework\data\spring-data-keyvalue\2.4.3\spring-data-keyvalue-2.4.3.jar;C:\Users\MarcosEduardoMarrasR\.m2\repository\org\springframework\data\spring-data-commons\2.4.3\spring-data-commons-2.4.3.jar;C:\Users\MarcosEduardoMarrasR\.m2\repository\org\springframework\spring-tx\5.3.3\spring-tx-5.3.3.jar;C:\Users\MarcosEduardoMarrasR\.m2\repository\org\springframework\spring-oxm\5.3.3\spring-oxm-5.3.3.jar;C:\Users\MarcosEduardoMarrasR\.m2\repository\org\springframework\spring-context-support\5.3.3\spring-context-support-5.3.3.jar;C:\Users\MarcosEduardoMarrasR\.m2\repository\io\lettuce\lettuce-core\6.0.2.RELEASE\lettuce-core-6.0.2.RELEASE.jar;C:\Users\MarcosEduardoMarrasR\.m2\repository\io\netty\netty-common\4.1.58.Final\netty-common-4.1.58.Final.jar;C:\Users\MarcosEduardoMarrasR\.m2\repository\io\netty\netty-handler\4.1.58.Final\netty-handler-4.1.58.Final.jar;C:\Users\MarcosEduardoMarrasR\.m2\repository\io\netty\netty-resolver\4.1.58.Final\netty-resolver-4.1.58.Final.jar;C:\Users\MarcosEduardoMarrasR\.m2\repository\io\netty\netty-buffer\4.1.58.Final\netty-buffer-4.1.58.Final.jar;C:\Users\MarcosEduardoMarrasR\.m2\repository\io\netty\netty-codec\4.1.58.Final\netty-codec-4.1.58.Final.jar;C:\Users\MarcosEduardoMarrasR\.m2\repository\io\netty\netty-transport\4.1.58.Final\netty-transport-4.1.58.Final.jar;C:\Users\MarcosEduardoMarrasR\.m2\repository\io\projectreactor\reactor-core\3.4.2\reactor-core-3.4.2.jar;C:\Users\MarcosEduardoMarrasR\.m2\repository\org\reactivestreams\reactive-streams\1.0.3\reactive-streams-1.0.3.jar;"/>
    <property name="java.vm.vendor" value="Oracle Corporation"/>
    <property name="sun.arch.data.model" value="64"/>
    <property name="user.variant" value=""/>
    <property name="java.vendor.url" value="http://java.oracle.com/"/>
    <property name="user.timezone" value="America/Sao_Paulo"/>
    <property name="java.vm.specification.version" value="11"/>
    <property name="os.name" value="Windows 10"/>
    <property name="sun.java.launcher" value="SUN_STANDARD"/>
    <property name="user.country" value="US"/>
    <property name="sun.boot.library.path" value="C:\Program Files\Java\jdk-11\bin"/>
    <property name="sun.java.command" value="C:\Users\MARCOS~1\AppData\Local\Temp\surefire15277177501662239072\surefirebooter6965901141788263261.jar C:\Users\MarcosEduardoMarrasR\AppData\Local\Temp\surefire15277177501662239072 2021-03-18T14-22-34_926-jvmRun1 surefire11396288034449700144tmp surefire_03012897258856406251tmp"/>
    <property name="jdk.debug" value="release"/>
    <property name="surefire.test.class.path" value="C:\Users\MarcosEduardoMarrasR\Documents\particular\apigateway\target\test-classes;C:\Users\MarcosEduardoMarrasR\Documents\particular\apigateway\target\classes;C:\Users\MarcosEduardoMarrasR\.m2\repository\org\springframework\boot\spring-boot-starter-actuator\2.4.2\spring-boot-starter-actuator-2.4.2.jar;C:\Users\MarcosEduardoMarrasR\.m2\repository\org\springframework\boot\spring-boot-starter\2.4.2\spring-boot-starter-2.4.2.jar;C:\Users\MarcosEduardoMarrasR\.m2\repository\org\springframework\boot\spring-boot\2.4.2\spring-boot-2.4.2.jar;C:\Users\MarcosEduardoMarrasR\.m2\repository\org\springframework\boot\spring-boot-autoconfigure\2.4.2\spring-boot-autoconfigure-2.4.2.jar;C:\Users\MarcosEduardoMarrasR\.m2\repository\org\springframework\boot\spring-boot-starter-logging\2.4.2\spring-boot-starter-logging-2.4.2.jar;C:\Users\MarcosEduardoMarrasR\.m2\repository\ch\qos\logback\logback-classic\1.2.3\logback-classic-1.2.3.jar;C:\Users\MarcosEduardoMarrasR\.m2\repository\ch\qos\logback\logback-core\1.2.3\logback-core-1.2.3.jar;C:\Users\MarcosEduardoMarrasR\.m2\repository\org\apache\logging\log4j\log4j-to-slf4j\2.13.3\log4j-to-slf4j-2.13.3.jar;C:\Users\MarcosEduardoMarrasR\.m2\repository\org\apache\logging\log4j\log4j-api\2.13.3\log4j-api-2.13.3.jar;C:\Users\MarcosEduardoMarrasR\.m2\repository\org\slf4j\jul-to-slf4j\1.7.30\jul-to-slf4j-1.7.30.jar;C:\Users\MarcosEduardoMarrasR\.m2\repository\jakarta\annotation\jakarta.annotation-api\1.3.5\jakarta.annotation-api-1.3.5.jar;C:\Users\MarcosEduardoMarrasR\.m2\repository\org\yaml\snakeyaml\1.27\snakeyaml-1.27.jar;C:\Users\MarcosEduardoMarrasR\.m2\repository\org\springframework\boot\spring-boot-actuator-autoconfigure\2.4.2\spring-boot-actuator-autoconfigure-2.4.2.jar;C:\Users\MarcosEduardoMarrasR\.m2\repository\org\springframework\boot\spring-boot-actuator\2.4.2\spring-boot-actuator-2.4.2.jar;C:\Users\MarcosEduardoMarrasR\.m2\repository\com\fasterxml\jackson\datatype\jackson-datatype-jsr310\2.11.4\jackson-datatype-jsr310-2.11.4.jar;C:\Users\MarcosEduardoMarrasR\.m2\repository\io\micrometer\micrometer-core\1.6.3\micrometer-core-1.6.3.jar;C:\Users\MarcosEduardoMarrasR\.m2\repository\org\hdrhistogram\HdrHistogram\2.1.12\HdrHistogram-2.1.12.jar;C:\Users\MarcosEduardoMarrasR\.m2\repository\org\latencyutils\LatencyUtils\2.0.3\LatencyUtils-2.0.3.jar;C:\Users\MarcosEduardoMarrasR\.m2\repository\org\springframework\boot\spring-boot-starter-web\2.4.2\spring-boot-starter-web-2.4.2.jar;C:\Users\MarcosEduardoMarrasR\.m2\repository\org\springframework\boot\spring-boot-starter-json\2.4.2\spring-boot-starter-json-2.4.2.jar;C:\Users\MarcosEduardoMarrasR\.m2\repository\com\fasterxml\jackson\datatype\jackson-datatype-jdk8\2.11.4\jackson-datatype-jdk8-2.11.4.jar;C:\Users\MarcosEduardoMarrasR\.m2\repository\com\fasterxml\jackson\module\jackson-module-parameter-names\2.11.4\jackson-module-parameter-names-2.11.4.jar;C:\Users\MarcosEduardoMarrasR\.m2\repository\org\springframework\boot\spring-boot-starter-tomcat\2.4.2\spring-boot-starter-tomcat-2.4.2.jar;C:\Users\MarcosEduardoMarrasR\.m2\repository\org\apache\tomcat\embed\tomcat-embed-core\9.0.41\tomcat-embed-core-9.0.41.jar;C:\Users\MarcosEduardoMarrasR\.m2\repository\org\glassfish\jakarta.el\3.0.3\jakarta.el-3.0.3.jar;C:\Users\MarcosEduardoMarrasR\.m2\repository\org\apache\tomcat\embed\tomcat-embed-websocket\9.0.41\tomcat-embed-websocket-9.0.41.jar;C:\Users\MarcosEduardoMarrasR\.m2\repository\org\springframework\spring-web\5.3.3\spring-web-5.3.3.jar;C:\Users\MarcosEduardoMarrasR\.m2\repository\org\springframework\spring-beans\5.3.3\spring-beans-5.3.3.jar;C:\Users\MarcosEduardoMarrasR\.m2\repository\org\springframework\spring-webmvc\5.3.3\spring-webmvc-5.3.3.jar;C:\Users\MarcosEduardoMarrasR\.m2\repository\org\springframework\spring-aop\5.3.3\spring-aop-5.3.3.jar;C:\Users\MarcosEduardoMarrasR\.m2\repository\org\springframework\spring-context\5.3.3\spring-context-5.3.3.jar;C:\Users\MarcosEduardoMarrasR\.m2\repository\org\springframework\spring-expression\5.3.3\spring-expression-5.3.3.jar;C:\Users\MarcosEduardoMarrasR\.m2\repository\org\springframework\boot\spring-boot-starter-test\2.4.2\spring-boot-starter-test-2.4.2.jar;C:\Users\MarcosEduardoMarrasR\.m2\repository\org\springframework\boot\spring-boot-test\2.4.2\spring-boot-test-2.4.2.jar;C:\Users\MarcosEduardoMarrasR\.m2\repository\org\springframework\boot\spring-boot-test-autoconfigure\2.4.2\spring-boot-test-autoconfigure-2.4.2.jar;C:\Users\MarcosEduardoMarrasR\.m2\repository\com\jayway\jsonpath\json-path\2.4.0\json-path-2.4.0.jar;C:\Users\MarcosEduardoMarrasR\.m2\repository\net\minidev\json-smart\2.3\json-smart-2.3.jar;C:\Users\MarcosEduardoMarrasR\.m2\repository\net\minidev\accessors-smart\1.2\accessors-smart-1.2.jar;C:\Users\MarcosEduardoMarrasR\.m2\repository\org\ow2\asm\asm\5.0.4\asm-5.0.4.jar;C:\Users\MarcosEduardoMarrasR\.m2\repository\org\slf4j\slf4j-api\1.7.30\slf4j-api-1.7.30.jar;C:\Users\MarcosEduardoMarrasR\.m2\repository\jakarta\xml\bind\jakarta.xml.bind-api\2.3.3\jakarta.xml.bind-api-2.3.3.jar;C:\Users\MarcosEduardoMarrasR\.m2\repository\jakarta\activation\jakarta.activation-api\1.2.2\jakarta.activation-api-1.2.2.jar;C:\Users\MarcosEduardoMarrasR\.m2\repository\org\assertj\assertj-core\3.18.1\assertj-core-3.18.1.jar;C:\Users\MarcosEduardoMarrasR\.m2\repository\org\hamcrest\hamcrest\2.2\hamcrest-2.2.jar;C:\Users\MarcosEduardoMarrasR\.m2\repository\org\junit\jupiter\junit-jupiter\5.7.0\junit-jupiter-5.7.0.jar;C:\Users\MarcosEduardoMarrasR\.m2\repository\org\junit\jupiter\junit-jupiter-api\5.7.0\junit-jupiter-api-5.7.0.jar;C:\Users\MarcosEduardoMarrasR\.m2\repository\org\apiguardian\apiguardian-api\1.1.0\apiguardian-api-1.1.0.jar;C:\Users\MarcosEduardoMarrasR\.m2\repository\org\opentest4j\opentest4j\1.2.0\opentest4j-1.2.0.jar;C:\Users\MarcosEduardoMarrasR\.m2\repository\org\junit\platform\junit-platform-commons\1.7.0\junit-platform-commons-1.7.0.jar;C:\Users\MarcosEduardoMarrasR\.m2\repository\org\junit\jupiter\junit-jupiter-params\5.7.0\junit-jupiter-params-5.7.0.jar;C:\Users\MarcosEduardoMarrasR\.m2\repository\org\junit\jupiter\junit-jupiter-engine\5.7.0\junit-jupiter-engine-5.7.0.jar;C:\Users\MarcosEduardoMarrasR\.m2\repository\org\junit\platform\junit-platform-engine\1.7.0\junit-platform-engine-1.7.0.jar;C:\Users\MarcosEduardoMarrasR\.m2\repository\org\mockito\mockito-core\3.6.28\mockito-core-3.6.28.jar;C:\Users\MarcosEduardoMarrasR\.m2\repository\net\bytebuddy\byte-buddy\1.10.19\byte-buddy-1.10.19.jar;C:\Users\MarcosEduardoMarrasR\.m2\repository\net\bytebuddy\byte-buddy-agent\1.10.19\byte-buddy-agent-1.10.19.jar;C:\Users\MarcosEduardoMarrasR\.m2\repository\org\objenesis\objenesis\3.1\objenesis-3.1.jar;C:\Users\MarcosEduardoMarrasR\.m2\repository\org\mockito\mockito-junit-jupiter\3.6.28\mockito-junit-jupiter-3.6.28.jar;C:\Users\MarcosEduardoMarrasR\.m2\repository\org\skyscreamer\jsonassert\1.5.0\jsonassert-1.5.0.jar;C:\Users\MarcosEduardoMarrasR\.m2\repository\com\vaadin\external\google\android-json\0.0.20131108.vaadin1\android-json-0.0.20131108.vaadin1.jar;C:\Users\MarcosEduardoMarrasR\.m2\repository\org\springframework\spring-core\5.3.3\spring-core-5.3.3.jar;C:\Users\MarcosEduardoMarrasR\.m2\repository\org\springframework\spring-jcl\5.3.3\spring-jcl-5.3.3.jar;C:\Users\MarcosEduardoMarrasR\.m2\repository\org\springframework\spring-test\5.3.3\spring-test-5.3.3.jar;C:\Users\MarcosEduardoMarrasR\.m2\repository\org\xmlunit\xmlunit-core\2.7.0\xmlunit-core-2.7.0.jar;C:\Users\MarcosEduardoMarrasR\.m2\repository\org\projectlombok\lombok\1.18.16\lombok-1.18.16.jar;C:\Users\MarcosEduardoMarrasR\.m2\repository\org\springframework\boot\spring-boot-starter-thymeleaf\2.4.2\spring-boot-starter-thymeleaf-2.4.2.jar;C:\Users\MarcosEduardoMarrasR\.m2\repository\org\thymeleaf\thymeleaf-spring5\3.0.12.RELEASE\thymeleaf-spring5-3.0.12.RELEASE.jar;C:\Users\MarcosEduardoMarrasR\.m2\repository\org\thymeleaf\thymeleaf\3.0.12.RELEASE\thymeleaf-3.0.12.RELEASE.jar;C:\Users\MarcosEduardoMarrasR\.m2\repository\org\attoparser\attoparser\2.0.5.RELEASE\attoparser-2.0.5.RELEASE.jar;C:\Users\MarcosEduardoMarrasR\.m2\repository\org\unbescape\unbescape\1.1.6.RELEASE\unbescape-1.1.6.RELEASE.jar;C:\Users\MarcosEduardoMarrasR\.m2\repository\org\thymeleaf\extras\thymeleaf-extras-java8time\3.0.4.RELEASE\thymeleaf-extras-java8time-3.0.4.RELEASE.jar;C:\Users\MarcosEduardoMarrasR\.m2\repository\com\fasterxml\jackson\core\jackson-databind\2.11.4\jackson-databind-2.11.4.jar;C:\Users\MarcosEduardoMarrasR\.m2\repository\com\fasterxml\jackson\core\jackson-annotations\2.11.4\jackson-annotations-2.11.4.jar;C:\Users\MarcosEduardoMarrasR\.m2\repository\com\fasterxml\jackson\core\jackson-core\2.11.4\jackson-core-2.11.4.jar;C:\Users\MarcosEduardoMarrasR\.m2\repository\io\jsonwebtoken\jjwt\0.7.0\jjwt-0.7.0.jar;C:\Users\MarcosEduardoMarrasR\.m2\repository\junit\junit\4.13.1\junit-4.13.1.jar;C:\Users\MarcosEduardoMarrasR\.m2\repository\org\hamcrest\hamcrest-core\2.2\hamcrest-core-2.2.jar;C:\Users\MarcosEduardoMarrasR\.m2\repository\org\springframework\boot\spring-boot-starter-data-redis\2.4.2\spring-boot-starter-data-redis-2.4.2.jar;C:\Users\MarcosEduardoMarrasR\.m2\repository\org\springframework\data\spring-data-redis\2.4.3\spring-data-redis-2.4.3.jar;C:\Users\MarcosEduardoMarrasR\.m2\repository\org\springframework\data\spring-data-keyvalue\2.4.3\spring-data-keyvalue-2.4.3.jar;C:\Users\MarcosEduardoMarrasR\.m2\repository\org\springframework\data\spring-data-commons\2.4.3\spring-data-commons-2.4.3.jar;C:\Users\MarcosEduardoMarrasR\.m2\repository\org\springframework\spring-tx\5.3.3\spring-tx-5.3.3.jar;C:\Users\MarcosEduardoMarrasR\.m2\repository\org\springframework\spring-oxm\5.3.3\spring-oxm-5.3.3.jar;C:\Users\MarcosEduardoMarrasR\.m2\repository\org\springframework\spring-context-support\5.3.3\spring-context-support-5.3.3.jar;C:\Users\MarcosEduardoMarrasR\.m2\repository\io\lettuce\lettuce-core\6.0.2.RELEASE\lettuce-core-6.0.2.RELEASE.jar;C:\Users\MarcosEduardoMarrasR\.m2\repository\io\netty\netty-common\4.1.58.Final\netty-common-4.1.58.Final.jar;C:\Users\MarcosEduardoMarrasR\.m2\repository\io\netty\netty-handler\4.1.58.Final\netty-handler-4.1.58.Final.jar;C:\Users\MarcosEduardoMarrasR\.m2\repository\io\netty\netty-resolver\4.1.58.Final\netty-resolver-4.1.58.Final.jar;C:\Users\MarcosEduardoMarrasR\.m2\repository\io\netty\netty-buffer\4.1.58.Final\netty-buffer-4.1.58.Final.jar;C:\Users\MarcosEduardoMarrasR\.m2\repository\io\netty\netty-codec\4.1.58.Final\netty-codec-4.1.58.Final.jar;C:\Users\MarcosEduardoMarrasR\.m2\repository\io\netty\netty-transport\4.1.58.Final\netty-transport-4.1.58.Final.jar;C:\Users\MarcosEduardoMarrasR\.m2\repository\io\projectreactor\reactor-core\3.4.2\reactor-core-3.4.2.jar;C:\Users\MarcosEduardoMarrasR\.m2\repository\org\reactivestreams\reactive-streams\1.0.3\reactive-streams-1.0.3.jar;"/>
    <property name="sun.cpu.endian" value="little"/>
    <property name="user.home" value="C:\Users\MarcosEduardoMarrasR"/>
    <property name="user.language" value="en"/>
    <property name="java.specification.vendor" value="Oracle Corporation"/>
    <property name="java.version.date" value="2018-09-25"/>
    <property name="java.home" value="C:\Program Files\Java\jdk-11"/>
    <property name="file.separator" value="\"/>
    <property name="basedir" value="C:\Users\MarcosEduardoMarrasR\Documents\particular\apigateway"/>
    <property name="java.vm.compressedOopsMode" value="Zero based"/>
    <property name="line.separator" value="&#10;"/>
    <property name="java.specification.name" value="Java Platform API Specification"/>
    <property name="java.vm.specification.vendor" value="Oracle Corporation"/>
    <property name="java.awt.graphicsenv" value="sun.awt.Win32GraphicsEnvironment"/>
    <property name="surefire.real.class.path" value="C:\Users\MARCOS~1\AppData\Local\Temp\surefire15277177501662239072\surefirebooter6965901141788263261.jar"/>
    <property name="user.script" value=""/>
    <property name="sun.management.compiler" value="HotSpot 64-Bit Tiered Compilers"/>
    <property name="java.runtime.version" value="11+28"/>
    <property name="user.name" value="MarcosEduardoMarrasR"/>
    <property name="path.separator" value=";"/>
    <property name="os.version" value="10.0"/>
    <property name="java.runtime.name" value="OpenJDK Runtime Environment"/>
    <property name="file.encoding" value="Cp1252"/>
    <property name="java.vm.name" value="OpenJDK 64-Bit Server VM"/>
    <property name="java.vendor.version" value="18.9"/>
    <property name="localRepository" value="C:\Users\MarcosEduardoMarrasR\.m2\repository"/>
    <property name="java.vendor.url.bug" value="http://bugreport.java.com/bugreport/"/>
    <property name="java.io.tmpdir" value="C:\Users\MARCOS~1\AppData\Local\Temp\"/>
    <property name="java.version" value="11"/>
    <property name="user.dir" value="C:\Users\MarcosEduardoMarrasR\Documents\particular\apigateway"/>
    <property name="os.arch" value="amd64"/>
    <property name="java.vm.specification.name" value="Java Virtual Machine Specification"/>
    <property name="java.awt.printerjob" value="sun.awt.windows.WPrinterJob"/>
    <property name="sun.os.patch.level" value=""/>
    <property name="java.library.path" value="C:\Program Files\Java\jdk-11\bin;C:\WINDOWS\Sun\Java\bin;C:\WINDOWS\system32;C:\WINDOWS;C:\Program Files (x86)\VMware\VMware Player\bin\;C:\Python38\Scripts\;C:\Python38\;C:\WINDOWS\system32;C:\WINDOWS;C:\WINDOWS\System32\Wbem;C:\WINDOWS\System32\WindowsPowerShell\v1.0\;C:\WINDOWS\System32\OpenSSH\;C:\Program Files (x86)\Webex\Plugins;C:\Program Files\Git\cmd;C:\Program Files\nodejs\;C:\ProgramData\chocolatey\bin;C:\Program Files\Java\jdk-11\bin;C:\xampp\php;C:\ProgramData\ComposerSetup\bin;C:\Program Files\Docker\Docker\resources\bin;C:\ProgramData\DockerDesktop\version-bin;C:\Users\MarcosEduardoMarrasR\AppData\Local\Microsoft\WindowsApps;C:\Users\MarcosEduardoMarrasR\AppData\Local\Programs\Microsoft VS Code\bin;C:\Users\MarcosEduardoMarrasR\AppData\Roaming\npm;C:\Program Files\JetBrains\IntelliJ IDEA Community Edition 2020.2.2\bin;;C:\Program Files\Maven\apache-maven-3.6.3\bin;C:\Program Files\MongoDB\Server\4.4\bin;C:\Users\MarcosEduardoMarrasR\AppData\Roaming\Composer\vendor\bin;."/>
    <property name="java.vendor" value="Oracle Corporation"/>
    <property name="java.vm.info" value="mixed mode"/>
    <property name="java.vm.version" value="11+28"/>
    <property name="sun.io.unicode.encoding" value="UnicodeLittle"/>
    <property name="java.class.version" value="55.0"/>
  </properties>
  <testcase name="checkIfCityAPIResultIsWorking" classname="org.example.HotelServiceTest" time="0.532"/>
  <testcase name="checkIfHotelAPIResultIsWorking" classname="org.example.HotelServiceTest" time="0.004"/>
</testsuite>